Running: D:\ISE\14.7\ISE_DS\ISE\bin\nt64\unwrapped\fuse.exe -intstyle ise -incremental -o D:/ProyectosISE/RegistroIndice/RegistroIndice_isim_beh.exe -prj D:/ProyectosISE/RegistroIndice/RegistroIndice_beh.prj RegistroIndice 
ISim P.20131013 (signature 0x7708f090)
Number of CPUs detected in this system: 8
Turning on mult-threading, number of parallel sub-compilation jobs: 16 
Determining compilation order of HDL files
Parsing VHDL file "D:/ProyectosISE/RegistroIndice/RegistroIndice.vhd" into library work
Starting static elaboration
Completed static elaboration
Compiling package standard
Compiling package std_logic_1164
Compiling package numeric_std
Compiling package std_logic_arith
Compiling package std_logic_unsigned
Compiling architecture behavioral of entity registroindice
Time Resolution for simulation is 1ps.
Waiting for 1 sub-compilation(s) to finish...
Compiled 6 VHDL Units
Built simulation executable D:/ProyectosISE/RegistroIndice/RegistroIndice_isim_beh.exe
Fuse Memory Usage: 37048 KB
Fuse CPU Usage: 374 ms
